<?xml version="1.0" encoding="UTF-8"?>
<testng-results skipped="0" failed="0" ignored="0" total="2" passed="2">
  <reporter-output>
  </reporter-output>
  <suite name="Default suite" duration-ms="27660" started-at="2019-12-19T10:06:26Z" finished-at="2019-12-19T10:06:53Z">
    <groups>
    </groups>
    <test name="Default test" duration-ms="27660" started-at="2019-12-19T10:06:26Z" finished-at="2019-12-19T10:06:53Z">
      <class name="Tests.CustomerModuleTest">
        <test-method status="PASS" signature="openBrowser()[pri:0, instance:Tests.CustomerModuleTest@61832929]" name="openBrowser" is-config="true" duration-ms="7471" started-at="2019-12-19T10:06:26Z" finished-at="2019-12-19T10:06:33Z">
          <reporter-output>
          </reporter-output>
        </test-method> <!-- openBrowser -->
        <test-method status="PASS" signature="loginTest()[pri:1, instance:Tests.CustomerModuleTest@61832929]" name="loginTest" duration-ms="5120" started-at="2019-12-19T10:06:33Z" finished-at="2019-12-19T10:06:38Z">
          <reporter-output>
          </reporter-output>
        </test-method> <!-- loginTest -->
        <test-method status="PASS" signature="openBrowser()[pri:0, instance:Tests.CustomerModuleTest@61832929]" name="openBrowser" is-config="true" duration-ms="6070" started-at="2019-12-19T10:06:38Z" finished-at="2019-12-19T10:06:44Z">
          <reporter-output>
          </reporter-output>
        </test-method> <!-- openBrowser -->
        <test-method status="PASS" signature="linksCountTest()[pri:2, instance:Tests.CustomerModuleTest@61832929]" name="linksCountTest" duration-ms="8943" started-at="2019-12-19T10:06:44Z" finished-at="2019-12-19T10:06:53Z">
          <reporter-output>
          </reporter-output>
        </test-method> <!-- linksCountTest -->
      </class> <!-- Tests.CustomerModuleTest -->
    </test> <!-- Default test -->
  </suite> <!-- Default suite -->
</testng-results>
